{"/home/david/workspace/cuteness/frontend/mpp-front/library-manager/src/BuyMoney.tsx": {"path":"/home/david/workspace/cuteness/frontend/mpp-front/library-manager/src/BuyMoney.tsx","statementMap":{"0":{"start":{"line":6,"column":17},"end":{"line":56,"column":1}},"1":{"start":{"line":7,"column":39},"end":{"line":7,"column":49}},"2":{"start":{"line":8,"column":35},"end":{"line":8,"column":48}},"3":{"start":{"line":9,"column":20},"end":{"line":9,"column":49}},"4":{"start":{"line":12,"column":28},"end":{"line":27,"column":5}},"5":{"start":{"line":13,"column":8},"end":{"line":13,"column":27}},"6":{"start":{"line":15,"column":8},"end":{"line":22,"column":9}},"7":{"start":{"line":16,"column":12},"end":{"line":21,"column":15}},"8":{"start":{"line":17,"column":16},"end":{"line":17,"column":47}},"9":{"start":{"line":18,"column":16},"end":{"line":20,"column":17}},"10":{"start":{"line":19,"column":20},"end":{"line":19,"column":52}},"11":{"start":{"line":24,"column":8},"end":{"line":26,"column":9}},"12":{"start":{"line":25,"column":12},"end":{"line":25,"column":37}},"13":{"start":{"line":29,"column":4},"end":{"line":55,"column":5}}},"fnMap":{"0":{"name":"(anonymous_0)","decl":{"start":{"line":6,"column":17},"end":{"line":6,"column":18}},"loc":{"start":{"line":6,"column":23},"end":{"line":56,"column":1}},"line":6},"1":{"name":"(anonymous_1)","decl":{"start":{"line":12,"column":28},"end":{"line":12,"column":29}},"loc":{"start":{"line":12,"column":46},"end":{"line":27,"column":5}},"line":12},"2":{"name":"(anonymous_2)","decl":{"start":{"line":16,"column":36},"end":{"line":16,"column":37}},"loc":{"start":{"line":16,"column":45},"end":{"line":21,"column":13}},"line":16}},"branchMap":{"0":{"loc":{"start":{"line":15,"column":8},"end":{"line":22,"column":9}},"type":"if","locations":[{"start":{"line":15,"column":8},"end":{"line":22,"column":9}},{"start":{},"end":{}}],"line":15},"1":{"loc":{"start":{"line":18,"column":16},"end":{"line":20,"column":17}},"type":"if","locations":[{"start":{"line":18,"column":16},"end":{"line":20,"column":17}},{"start":{},"end":{}}],"line":18},"2":{"loc":{"start":{"line":24,"column":8},"end":{"line":26,"column":9}},"type":"if","locations":[{"start":{"line":24,"column":8},"end":{"line":26,"column":9}},{"start":{},"end":{}}],"line":24}},"s":{"0":1,"1":2,"2":2,"3":2,"4":2,"5":0,"6":0,"7":0,"8":0,"9":0,"10":0,"11":0,"12":0,"13":2},"f":{"0":2,"1":0,"2":0},"b":{"0":[0,0],"1":[0,0],"2":[0,0]},"_coverageSchema":"1a1c01bbd47fc00a2c39e90264f33305004495a9","hash":"069842f2b49387d20e1c93e8963e820f69b166f0"}
,"/home/david/workspace/cuteness/frontend/mpp-front/library-manager/src/components/NavigationBar.tsx": {"path":"/home/david/workspace/cuteness/frontend/mpp-front/library-manager/src/components/NavigationBar.tsx","statementMap":{"0":{"start":{"line":15,"column":56},"end":{"line":15,"column":66}},"1":{"start":{"line":16,"column":46},"end":{"line":16,"column":59}},"2":{"start":{"line":17,"column":52},"end":{"line":17,"column":67}},"3":{"start":{"line":18,"column":34},"end":{"line":18,"column":49}},"4":{"start":{"line":19,"column":42},"end":{"line":19,"column":62}},"5":{"start":{"line":21,"column":4},"end":{"line":39,"column":15}},"6":{"start":{"line":22,"column":8},"end":{"line":22,"column":39}},"7":{"start":{"line":24,"column":8},"end":{"line":38,"column":11}},"8":{"start":{"line":25,"column":12},"end":{"line":37,"column":13}},"9":{"start":{"line":26,"column":30},"end":{"line":26,"column":47}},"10":{"start":{"line":28,"column":16},"end":{"line":31,"column":19}},"11":{"start":{"line":29,"column":20},"end":{"line":29,"column":114}},"12":{"start":{"line":30,"column":20},"end":{"line":30,"column":66}},"13":{"start":{"line":33,"column":16},"end":{"line":33,"column":79}},"14":{"start":{"line":33,"column":53},"end":{"line":33,"column":77}},"15":{"start":{"line":34,"column":16},"end":{"line":36,"column":25}},"16":{"start":{"line":35,"column":20},"end":{"line":35,"column":83}},"17":{"start":{"line":35,"column":57},"end":{"line":35,"column":81}},"18":{"start":{"line":41,"column":4},"end":{"line":119,"column":6}}},"fnMap":{"0":{"name":"NavigationBar","decl":{"start":{"line":14,"column":9},"end":{"line":14,"column":22}},"loc":{"start":{"line":14,"column":68},"end":{"line":120,"column":1}},"line":14},"1":{"name":"(anonymous_1)","decl":{"start":{"line":21,"column":14},"end":{"line":21,"column":15}},"loc":{"start":{"line":21,"column":20},"end":{"line":39,"column":5}},"line":21},"2":{"name":"(anonymous_2)","decl":{"start":{"line":24,"column":32},"end":{"line":24,"column":33}},"loc":{"start":{"line":24,"column":47},"end":{"line":38,"column":9}},"line":24},"3":{"name":"(anonymous_3)","decl":{"start":{"line":28,"column":44},"end":{"line":28,"column":45}},"loc":{"start":{"line":28,"column":56},"end":{"line":31,"column":17}},"line":28},"4":{"name":"(anonymous_4)","decl":{"start":{"line":33,"column":41},"end":{"line":33,"column":42}},"loc":{"start":{"line":33,"column":53},"end":{"line":33,"column":77}},"line":33},"5":{"name":"(anonymous_5)","decl":{"start":{"line":34,"column":28},"end":{"line":34,"column":29}},"loc":{"start":{"line":34,"column":34},"end":{"line":36,"column":17}},"line":34},"6":{"name":"(anonymous_6)","decl":{"start":{"line":35,"column":45},"end":{"line":35,"column":46}},"loc":{"start":{"line":35,"column":57},"end":{"line":35,"column":81}},"line":35}},"branchMap":{"0":{"loc":{"start":{"line":25,"column":12},"end":{"line":37,"column":13}},"type":"if","locations":[{"start":{"line":25,"column":12},"end":{"line":37,"column":13}},{"start":{},"end":{}}],"line":25},"1":{"loc":{"start":{"line":29,"column":40},"end":{"line":29,"column":112}},"type":"binary-expr","locations":[{"start":{"line":29,"column":40},"end":{"line":29,"column":75}},{"start":{"line":29,"column":79},"end":{"line":29,"column":112}}],"line":29},"2":{"loc":{"start":{"line":64,"column":25},"end":{"line":68,"column":31}},"type":"binary-expr","locations":[{"start":{"line":64,"column":25},"end":{"line":64,"column":41}},{"start":{"line":64,"column":45},"end":{"line":68,"column":31}}],"line":64},"3":{"loc":{"start":{"line":84,"column":25},"end":{"line":88,"column":31}},"type":"binary-expr","locations":[{"start":{"line":84,"column":25},"end":{"line":84,"column":32}},{"start":{"line":84,"column":36},"end":{"line":88,"column":31}}],"line":84},"4":{"loc":{"start":{"line":89,"column":25},"end":{"line":100,"column":35}},"type":"binary-expr","locations":[{"start":{"line":89,"column":25},"end":{"line":89,"column":40}},{"start":{"line":90,"column":28},"end":{"line":100,"column":35}}],"line":89}},"s":{"0":2,"1":2,"2":2,"3":2,"4":2,"5":2,"6":1,"7":1,"8":1,"9":1,"10":1,"11":1,"12":1,"13":1,"14":0,"15":0,"16":0,"17":0,"18":2},"f":{"0":2,"1":1,"2":1,"3":1,"4":0,"5":0,"6":0},"b":{"0":[1,0],"1":[1,1],"2":[2,1],"3":[2,1],"4":[2,2]},"_coverageSchema":"1a1c01bbd47fc00a2c39e90264f33305004495a9","hash":"04cd3e5f946ad1a73acc59391e101106b52e1c30"}
,"/home/david/workspace/cuteness/frontend/mpp-front/library-manager/src/components/ToysPerCat.tsx": {"path":"/home/david/workspace/cuteness/frontend/mpp-front/library-manager/src/components/ToysPerCat.tsx","statementMap":{"0":{"start":{"line":7,"column":30},"end":{"line":7,"column":43}},"1":{"start":{"line":9,"column":40},"end":{"line":9,"column":71}},"2":{"start":{"line":10,"column":42},"end":{"line":10,"column":54}},"3":{"start":{"line":12,"column":4},"end":{"line":14,"column":22}},"4":{"start":{"line":13,"column":8},"end":{"line":13,"column":77}},"5":{"start":{"line":13,"column":52},"end":{"line":13,"column":75}},"6":{"start":{"line":17,"column":4},"end":{"line":33,"column":11}},"7":{"start":{"line":19,"column":33},"end":{"line":19,"column":51}},"8":{"start":{"line":20,"column":35},"end":{"line":20,"column":61}},"9":{"start":{"line":21,"column":30},"end":{"line":21,"column":104}},"10":{"start":{"line":23,"column":12},"end":{"line":25,"column":13}},"11":{"start":{"line":24,"column":16},"end":{"line":24,"column":64}},"12":{"start":{"line":24,"column":46},"end":{"line":24,"column":62}},"13":{"start":{"line":28,"column":8},"end":{"line":28,"column":56}},"14":{"start":{"line":30,"column":8},"end":{"line":32,"column":10}},"15":{"start":{"line":31,"column":12},"end":{"line":31,"column":63}},"16":{"start":{"line":36,"column":4},"end":{"line":65,"column":6}},"17":{"start":{"line":49,"column":32},"end":{"line":54,"column":43}}},"fnMap":{"0":{"name":"ToysPerCat","decl":{"start":{"line":6,"column":9},"end":{"line":6,"column":19}},"loc":{"start":{"line":6,"column":22},"end":{"line":66,"column":1}},"line":6},"1":{"name":"(anonymous_1)","decl":{"start":{"line":12,"column":14},"end":{"line":12,"column":15}},"loc":{"start":{"line":12,"column":20},"end":{"line":14,"column":5}},"line":12},"2":{"name":"(anonymous_2)","decl":{"start":{"line":13,"column":40},"end":{"line":13,"column":41}},"loc":{"start":{"line":13,"column":52},"end":{"line":13,"column":75}},"line":13},"3":{"name":"(anonymous_3)","decl":{"start":{"line":17,"column":14},"end":{"line":17,"column":15}},"loc":{"start":{"line":17,"column":20},"end":{"line":33,"column":5}},"line":17},"4":{"name":"handleScroll","decl":{"start":{"line":18,"column":17},"end":{"line":18,"column":29}},"loc":{"start":{"line":18,"column":32},"end":{"line":26,"column":9}},"line":18},"5":{"name":"(anonymous_5)","decl":{"start":{"line":24,"column":31},"end":{"line":24,"column":32}},"loc":{"start":{"line":24,"column":46},"end":{"line":24,"column":62}},"line":24},"6":{"name":"(anonymous_6)","decl":{"start":{"line":30,"column":15},"end":{"line":30,"column":16}},"loc":{"start":{"line":30,"column":21},"end":{"line":32,"column":9}},"line":30},"7":{"name":"(anonymous_7)","decl":{"start":{"line":48,"column":66},"end":{"line":48,"column":67}},"loc":{"start":{"line":49,"column":32},"end":{"line":54,"column":43}},"line":49}},"branchMap":{"0":{"loc":{"start":{"line":21,"column":30},"end":{"line":21,"column":104}},"type":"binary-expr","locations":[{"start":{"line":21,"column":30},"end":{"line":21,"column":44}},{"start":{"line":21,"column":48},"end":{"line":21,"column":66}},{"start":{"line":21,"column":70},"end":{"line":21,"column":104}}],"line":21},"1":{"loc":{"start":{"line":23,"column":12},"end":{"line":25,"column":13}},"type":"if","locations":[{"start":{"line":23,"column":12},"end":{"line":25,"column":13}},{"start":{},"end":{}}],"line":23},"2":{"loc":{"start":{"line":39,"column":17},"end":{"line":61,"column":21}},"type":"cond-expr","locations":[{"start":{"line":40,"column":21},"end":{"line":57,"column":28}},{"start":{"line":60,"column":24},"end":{"line":60,"column":40}}],"line":39}},"s":{"0":4,"1":4,"2":3,"3":3,"4":2,"5":2,"6":3,"7":0,"8":0,"9":0,"10":0,"11":0,"12":0,"13":2,"14":2,"15":2,"16":3,"17":2},"f":{"0":4,"1":2,"2":2,"3":2,"4":0,"5":0,"6":2,"7":2},"b":{"0":[0,0,0],"1":[0,0],"2":[1,2]},"_coverageSchema":"1a1c01bbd47fc00a2c39e90264f33305004495a9","hash":"06299a4953a1157d57fe0a6dbc5fa79d741b73e1"}
,"/home/david/workspace/cuteness/frontend/mpp-front/library-manager/src/components/UserProfile.tsx": {"path":"/home/david/workspace/cuteness/frontend/mpp-front/library-manager/src/components/UserProfile.tsx","statementMap":{"0":{"start":{"line":9,"column":20},"end":{"line":98,"column":1}},"1":{"start":{"line":10,"column":67},"end":{"line":10,"column":77}},"2":{"start":{"line":11,"column":55},"end":{"line":11,"column":68}},"3":{"start":{"line":12,"column":21},"end":{"line":12,"column":34}},"4":{"start":{"line":14,"column":46},"end":{"line":14,"column":68}},"5":{"start":{"line":15,"column":44},"end":{"line":15,"column":66}},"6":{"start":{"line":17,"column":4},"end":{"line":28,"column":15}},"7":{"start":{"line":18,"column":8},"end":{"line":27,"column":9}},"8":{"start":{"line":19,"column":25},"end":{"line":19,"column":34}},"9":{"start":{"line":21,"column":12},"end":{"line":26,"column":15}},"10":{"start":{"line":22,"column":16},"end":{"line":25,"column":17}},"11":{"start":{"line":23,"column":20},"end":{"line":23,"column":136}},"12":{"start":{"line":23,"column":108},"end":{"line":23,"column":134}},"13":{"start":{"line":24,"column":20},"end":{"line":24,"column":93}},"14":{"start":{"line":24,"column":66},"end":{"line":24,"column":91}},"15":{"start":{"line":30,"column":4},"end":{"line":34,"column":5}},"16":{"start":{"line":31,"column":8},"end":{"line":33,"column":10}},"17":{"start":{"line":36,"column":4},"end":{"line":89,"column":5}},"18":{"start":{"line":37,"column":8},"end":{"line":88,"column":10}},"19":{"start":{"line":62,"column":51},"end":{"line":62,"column":71}},"20":{"start":{"line":91,"column":4},"end":{"line":97,"column":6}}},"fnMap":{"0":{"name":"(anonymous_0)","decl":{"start":{"line":9,"column":20},"end":{"line":9,"column":21}},"loc":{"start":{"line":9,"column":26},"end":{"line":98,"column":1}},"line":9},"1":{"name":"(anonymous_1)","decl":{"start":{"line":17,"column":14},"end":{"line":17,"column":15}},"loc":{"start":{"line":17,"column":20},"end":{"line":28,"column":5}},"line":17},"2":{"name":"(anonymous_2)","decl":{"start":{"line":21,"column":36},"end":{"line":21,"column":37}},"loc":{"start":{"line":21,"column":45},"end":{"line":26,"column":13}},"line":21},"3":{"name":"(anonymous_3)","decl":{"start":{"line":23,"column":96},"end":{"line":23,"column":97}},"loc":{"start":{"line":23,"column":108},"end":{"line":23,"column":134}},"line":23},"4":{"name":"(anonymous_4)","decl":{"start":{"line":24,"column":54},"end":{"line":24,"column":55}},"loc":{"start":{"line":24,"column":66},"end":{"line":24,"column":91}},"line":24},"5":{"name":"(anonymous_5)","decl":{"start":{"line":62,"column":45},"end":{"line":62,"column":46}},"loc":{"start":{"line":62,"column":51},"end":{"line":62,"column":71}},"line":62}},"branchMap":{"0":{"loc":{"start":{"line":18,"column":8},"end":{"line":27,"column":9}},"type":"if","locations":[{"start":{"line":18,"column":8},"end":{"line":27,"column":9}},{"start":{},"end":{}}],"line":18},"1":{"loc":{"start":{"line":22,"column":16},"end":{"line":25,"column":17}},"type":"if","locations":[{"start":{"line":22,"column":16},"end":{"line":25,"column":17}},{"start":{},"end":{}}],"line":22},"2":{"loc":{"start":{"line":30,"column":4},"end":{"line":34,"column":5}},"type":"if","locations":[{"start":{"line":30,"column":4},"end":{"line":34,"column":5}},{"start":{},"end":{}}],"line":30},"3":{"loc":{"start":{"line":36,"column":4},"end":{"line":89,"column":5}},"type":"if","locations":[{"start":{"line":36,"column":4},"end":{"line":89,"column":5}},{"start":{},"end":{}}],"line":36},"4":{"loc":{"start":{"line":36,"column":8},"end":{"line":36,"column":37}},"type":"binary-expr","locations":[{"start":{"line":36,"column":8},"end":{"line":36,"column":23}},{"start":{"line":36,"column":27},"end":{"line":36,"column":37}}],"line":36}},"s":{"0":1,"1":2,"2":2,"3":2,"4":2,"5":2,"6":2,"7":1,"8":1,"9":1,"10":1,"11":1,"12":1,"13":1,"14":1,"15":2,"16":0,"17":2,"18":2,"19":0,"20":0},"f":{"0":2,"1":1,"2":1,"3":1,"4":1,"5":0},"b":{"0":[1,0],"1":[1,0],"2":[0,2],"3":[2,0],"4":[2,2]},"_coverageSchema":"1a1c01bbd47fc00a2c39e90264f33305004495a9","hash":"2ac1f6797c0f722f08a2b3c30101fa453fd5a766"}
,"/home/david/workspace/cuteness/frontend/mpp-front/library-manager/src/components/cats/AddCat.tsx": {"path":"/home/david/workspace/cuteness/frontend/mpp-front/library-manager/src/components/cats/AddCat.tsx","statementMap":{"0":{"start":{"line":6,"column":29},"end":{"line":6,"column":30}},"1":{"start":{"line":9,"column":31},"end":{"line":9,"column":41}},"2":{"start":{"line":11,"column":26},"end":{"line":11,"column":38}},"3":{"start":{"line":12,"column":24},"end":{"line":12,"column":35}},"4":{"start":{"line":13,"column":30},"end":{"line":13,"column":41}},"5":{"start":{"line":15,"column":21},"end":{"line":15,"column":34}},"6":{"start":{"line":17,"column":23},"end":{"line":29,"column":3}},"7":{"start":{"line":18,"column":4},"end":{"line":18,"column":23}},"8":{"start":{"line":20,"column":4},"end":{"line":23,"column":5}},"9":{"start":{"line":21,"column":6},"end":{"line":21,"column":36}},"10":{"start":{"line":22,"column":6},"end":{"line":22,"column":13}},"11":{"start":{"line":25,"column":4},"end":{"line":28,"column":7}},"12":{"start":{"line":26,"column":6},"end":{"line":27,"column":130}},"13":{"start":{"line":27,"column":8},"end":{"line":27,"column":130}},"14":{"start":{"line":31,"column":2},"end":{"line":73,"column":4}},"15":{"start":{"line":40,"column":29},"end":{"line":40,"column":52}},"16":{"start":{"line":52,"column":29},"end":{"line":52,"column":61}},"17":{"start":{"line":64,"column":29},"end":{"line":64,"column":66}}},"fnMap":{"0":{"name":"AddCat","decl":{"start":{"line":8,"column":9},"end":{"line":8,"column":15}},"loc":{"start":{"line":8,"column":18},"end":{"line":74,"column":1}},"line":8},"1":{"name":"(anonymous_1)","decl":{"start":{"line":17,"column":23},"end":{"line":17,"column":24}},"loc":{"start":{"line":17,"column":47},"end":{"line":29,"column":3}},"line":17},"2":{"name":"(anonymous_2)","decl":{"start":{"line":25,"column":28},"end":{"line":25,"column":29}},"loc":{"start":{"line":25,"column":37},"end":{"line":28,"column":5}},"line":25},"3":{"name":"(anonymous_3)","decl":{"start":{"line":40,"column":22},"end":{"line":40,"column":23}},"loc":{"start":{"line":40,"column":29},"end":{"line":40,"column":52}},"line":40},"4":{"name":"(anonymous_4)","decl":{"start":{"line":52,"column":22},"end":{"line":52,"column":23}},"loc":{"start":{"line":52,"column":29},"end":{"line":52,"column":61}},"line":52},"5":{"name":"(anonymous_5)","decl":{"start":{"line":64,"column":22},"end":{"line":64,"column":23}},"loc":{"start":{"line":64,"column":29},"end":{"line":64,"column":66}},"line":64}},"branchMap":{"0":{"loc":{"start":{"line":20,"column":4},"end":{"line":23,"column":5}},"type":"if","locations":[{"start":{"line":20,"column":4},"end":{"line":23,"column":5}},{"start":{},"end":{}}],"line":20},"1":{"loc":{"start":{"line":26,"column":6},"end":{"line":27,"column":130}},"type":"if","locations":[{"start":{"line":26,"column":6},"end":{"line":27,"column":130}},{"start":{},"end":{}}],"line":26}},"s":{"0":1,"1":3,"2":3,"3":3,"4":3,"5":3,"6":3,"7":0,"8":0,"9":0,"10":0,"11":0,"12":0,"13":0,"14":3,"15":0,"16":0,"17":0},"f":{"0":3,"1":0,"2":0,"3":0,"4":0,"5":0},"b":{"0":[0,0],"1":[0,0]},"_coverageSchema":"1a1c01bbd47fc00a2c39e90264f33305004495a9","hash":"67ea5ecc0d3757892b41feab2195b18a3fe2a994"}
,"/home/david/workspace/cuteness/frontend/mpp-front/library-manager/src/components/cats/AllCats.tsx": {"path":"/home/david/workspace/cuteness/frontend/mpp-front/library-manager/src/components/cats/AllCats.tsx","statementMap":{"0":{"start":{"line":22,"column":33},"end":{"line":22,"column":38}},"1":{"start":{"line":23,"column":34},"end":{"line":23,"column":40}},"2":{"start":{"line":26,"column":54},"end":{"line":26,"column":64}},"3":{"start":{"line":27,"column":78},"end":{"line":27,"column":91}},"4":{"start":{"line":28,"column":50},"end":{"line":28,"column":65}},"5":{"start":{"line":30,"column":2},"end":{"line":42,"column":13}},"6":{"start":{"line":31,"column":4},"end":{"line":31,"column":35}},"7":{"start":{"line":33,"column":4},"end":{"line":41,"column":7}},"8":{"start":{"line":34,"column":6},"end":{"line":40,"column":7}},"9":{"start":{"line":35,"column":22},"end":{"line":35,"column":39}},"10":{"start":{"line":37,"column":8},"end":{"line":39,"column":11}},"11":{"start":{"line":37,"column":48},"end":{"line":39,"column":9}},"12":{"start":{"line":44,"column":19},"end":{"line":44,"column":20}},"13":{"start":{"line":46,"column":56},"end":{"line":46,"column":90}},"14":{"start":{"line":47,"column":40},"end":{"line":47,"column":51}},"15":{"start":{"line":49,"column":38},"end":{"line":49,"column":49}},"16":{"start":{"line":50,"column":2},"end":{"line":52,"column":32}},"17":{"start":{"line":51,"column":4},"end":{"line":51,"column":50}},"18":{"start":{"line":51,"column":29},"end":{"line":51,"column":49}},"19":{"start":{"line":54,"column":2},"end":{"line":56,"column":41}},"20":{"start":{"line":55,"column":4},"end":{"line":55,"column":44}},"21":{"start":{"line":58,"column":32},"end":{"line":63,"column":3}},"22":{"start":{"line":59,"column":4},"end":{"line":62,"column":56}},"23":{"start":{"line":60,"column":6},"end":{"line":60,"column":55}},"24":{"start":{"line":62,"column":6},"end":{"line":62,"column":56}},"25":{"start":{"line":65,"column":28},"end":{"line":67,"column":3}},"26":{"start":{"line":66,"column":4},"end":{"line":66,"column":36}},"27":{"start":{"line":69,"column":28},"end":{"line":71,"column":3}},"28":{"start":{"line":70,"column":4},"end":{"line":70,"column":36}},"29":{"start":{"line":73,"column":41},"end":{"line":78,"column":3}},"30":{"start":{"line":74,"column":4},"end":{"line":77,"column":30}},"31":{"start":{"line":75,"column":6},"end":{"line":75,"column":30}},"32":{"start":{"line":77,"column":6},"end":{"line":77,"column":30}},"33":{"start":{"line":80,"column":23},"end":{"line":85,"column":3}},"34":{"start":{"line":81,"column":4},"end":{"line":84,"column":7}},"35":{"start":{"line":82,"column":6},"end":{"line":83,"column":35}},"36":{"start":{"line":83,"column":8},"end":{"line":83,"column":35}},"37":{"start":{"line":87,"column":20},"end":{"line":92,"column":3}},"38":{"start":{"line":88,"column":4},"end":{"line":91,"column":7}},"39":{"start":{"line":89,"column":6},"end":{"line":90,"column":32}},"40":{"start":{"line":90,"column":8},"end":{"line":90,"column":32}},"41":{"start":{"line":94,"column":14},"end":{"line":96,"column":3}},"42":{"start":{"line":95,"column":4},"end":{"line":95,"column":27}},"43":{"start":{"line":98,"column":2},"end":{"line":166,"column":4}},"44":{"start":{"line":113,"column":16},"end":{"line":137,"column":27}},"45":{"start":{"line":123,"column":39},"end":{"line":123,"column":56}},"46":{"start":{"line":131,"column":41},"end":{"line":131,"column":61}},"47":{"start":{"line":141,"column":41},"end":{"line":141,"column":64}},"48":{"start":{"line":170,"column":2},"end":{"line":175,"column":4}}},"fnMap":{"0":{"name":"CatsTable","decl":{"start":{"line":25,"column":9},"end":{"line":25,"column":18}},"loc":{"start":{"line":25,"column":21},"end":{"line":167,"column":1}},"line":25},"1":{"name":"(anonymous_1)","decl":{"start":{"line":30,"column":12},"end":{"line":30,"column":13}},"loc":{"start":{"line":30,"column":18},"end":{"line":42,"column":3}},"line":30},"2":{"name":"(anonymous_2)","decl":{"start":{"line":33,"column":28},"end":{"line":33,"column":29}},"loc":{"start":{"line":33,"column":43},"end":{"line":41,"column":5}},"line":33},"3":{"name":"(anonymous_3)","decl":{"start":{"line":37,"column":36},"end":{"line":37,"column":37}},"loc":{"start":{"line":37,"column":48},"end":{"line":39,"column":9}},"line":37},"4":{"name":"(anonymous_4)","decl":{"start":{"line":50,"column":12},"end":{"line":50,"column":13}},"loc":{"start":{"line":50,"column":18},"end":{"line":52,"column":3}},"line":50},"5":{"name":"(anonymous_5)","decl":{"start":{"line":51,"column":20},"end":{"line":51,"column":21}},"loc":{"start":{"line":51,"column":29},"end":{"line":51,"column":49}},"line":51},"6":{"name":"(anonymous_6)","decl":{"start":{"line":54,"column":12},"end":{"line":54,"column":13}},"loc":{"start":{"line":54,"column":18},"end":{"line":56,"column":3}},"line":54},"7":{"name":"(anonymous_7)","decl":{"start":{"line":58,"column":32},"end":{"line":58,"column":33}},"loc":{"start":{"line":58,"column":38},"end":{"line":63,"column":3}},"line":58},"8":{"name":"(anonymous_8)","decl":{"start":{"line":65,"column":28},"end":{"line":65,"column":29}},"loc":{"start":{"line":65,"column":34},"end":{"line":67,"column":3}},"line":65},"9":{"name":"(anonymous_9)","decl":{"start":{"line":69,"column":28},"end":{"line":69,"column":29}},"loc":{"start":{"line":69,"column":34},"end":{"line":71,"column":3}},"line":69},"10":{"name":"(anonymous_10)","decl":{"start":{"line":73,"column":41},"end":{"line":73,"column":42}},"loc":{"start":{"line":73,"column":47},"end":{"line":78,"column":3}},"line":73},"11":{"name":"(anonymous_11)","decl":{"start":{"line":80,"column":23},"end":{"line":80,"column":24}},"loc":{"start":{"line":80,"column":39},"end":{"line":85,"column":3}},"line":80},"12":{"name":"(anonymous_12)","decl":{"start":{"line":81,"column":28},"end":{"line":81,"column":29}},"loc":{"start":{"line":81,"column":37},"end":{"line":84,"column":5}},"line":81},"13":{"name":"(anonymous_13)","decl":{"start":{"line":87,"column":20},"end":{"line":87,"column":21}},"loc":{"start":{"line":87,"column":36},"end":{"line":92,"column":3}},"line":87},"14":{"name":"(anonymous_14)","decl":{"start":{"line":88,"column":28},"end":{"line":88,"column":29}},"loc":{"start":{"line":88,"column":37},"end":{"line":91,"column":5}},"line":88},"15":{"name":"(anonymous_15)","decl":{"start":{"line":94,"column":14},"end":{"line":94,"column":15}},"loc":{"start":{"line":94,"column":40},"end":{"line":96,"column":3}},"line":94},"16":{"name":"(anonymous_16)","decl":{"start":{"line":112,"column":30},"end":{"line":112,"column":31}},"loc":{"start":{"line":113,"column":16},"end":{"line":137,"column":27}},"line":113},"17":{"name":"(anonymous_17)","decl":{"start":{"line":123,"column":33},"end":{"line":123,"column":34}},"loc":{"start":{"line":123,"column":39},"end":{"line":123,"column":56}},"line":123},"18":{"name":"(anonymous_18)","decl":{"start":{"line":131,"column":35},"end":{"line":131,"column":36}},"loc":{"start":{"line":131,"column":41},"end":{"line":131,"column":61}},"line":131},"19":{"name":"(anonymous_19)","decl":{"start":{"line":141,"column":35},"end":{"line":141,"column":36}},"loc":{"start":{"line":141,"column":41},"end":{"line":141,"column":64}},"line":141},"20":{"name":"AllCats","decl":{"start":{"line":169,"column":9},"end":{"line":169,"column":16}},"loc":{"start":{"line":169,"column":19},"end":{"line":176,"column":1}},"line":169}},"branchMap":{"0":{"loc":{"start":{"line":34,"column":6},"end":{"line":40,"column":7}},"type":"if","locations":[{"start":{"line":34,"column":6},"end":{"line":40,"column":7}},{"start":{},"end":{}}],"line":34},"1":{"loc":{"start":{"line":38,"column":10},"end":{"line":38,"column":82}},"type":"binary-expr","locations":[{"start":{"line":38,"column":10},"end":{"line":38,"column":45}},{"start":{"line":38,"column":49},"end":{"line":38,"column":82}}],"line":38},"2":{"loc":{"start":{"line":59,"column":4},"end":{"line":62,"column":56}},"type":"if","locations":[{"start":{"line":59,"column":4},"end":{"line":62,"column":56}},{"start":{"line":62,"column":6},"end":{"line":62,"column":56}}],"line":59},"3":{"loc":{"start":{"line":74,"column":4},"end":{"line":77,"column":30}},"type":"if","locations":[{"start":{"line":74,"column":4},"end":{"line":77,"column":30}},{"start":{"line":77,"column":6},"end":{"line":77,"column":30}}],"line":74},"4":{"loc":{"start":{"line":82,"column":6},"end":{"line":83,"column":35}},"type":"if","locations":[{"start":{"line":82,"column":6},"end":{"line":83,"column":35}},{"start":{},"end":{}}],"line":82},"5":{"loc":{"start":{"line":89,"column":6},"end":{"line":90,"column":32}},"type":"if","locations":[{"start":{"line":89,"column":6},"end":{"line":90,"column":32}},{"start":{},"end":{}}],"line":89},"6":{"loc":{"start":{"line":95,"column":12},"end":{"line":95,"column":25}},"type":"cond-expr","locations":[{"start":{"line":95,"column":20},"end":{"line":95,"column":21}},{"start":{"line":95,"column":24},"end":{"line":95,"column":25}}],"line":95},"7":{"loc":{"start":{"line":101,"column":9},"end":{"line":162,"column":11}},"type":"cond-expr","locations":[{"start":{"line":102,"column":11},"end":{"line":158,"column":18}},{"start":{"line":161,"column":12},"end":{"line":161,"column":28}}],"line":101},"8":{"loc":{"start":{"line":120,"column":21},"end":{"line":125,"column":24}},"type":"binary-expr","locations":[{"start":{"line":120,"column":22},"end":{"line":120,"column":36}},{"start":{"line":120,"column":40},"end":{"line":120,"column":58}},{"start":{"line":120,"column":63},"end":{"line":120,"column":78}},{"start":{"line":121,"column":22},"end":{"line":125,"column":24}}],"line":120},"9":{"loc":{"start":{"line":127,"column":21},"end":{"line":135,"column":21}},"type":"binary-expr","locations":[{"start":{"line":127,"column":21},"end":{"line":127,"column":37}},{"start":{"line":128,"column":22},"end":{"line":134,"column":25}}],"line":127},"10":{"loc":{"start":{"line":148,"column":19},"end":{"line":148,"column":87}},"type":"binary-expr","locations":[{"start":{"line":148,"column":19},"end":{"line":148,"column":34}},{"start":{"line":148,"column":38},"end":{"line":148,"column":87}}],"line":148},"11":{"loc":{"start":{"line":154,"column":19},"end":{"line":154,"column":107}},"type":"binary-expr","locations":[{"start":{"line":154,"column":19},"end":{"line":154,"column":54}},{"start":{"line":154,"column":58},"end":{"line":154,"column":107}}],"line":154}},"s":{"0":1,"1":1,"2":10,"3":10,"4":10,"5":9,"6":5,"7":5,"8":5,"9":5,"10":5,"11":5,"12":9,"13":9,"14":9,"15":9,"16":9,"17":6,"18":6,"19":9,"20":7,"21":9,"22":1,"23":0,"24":1,"25":9,"26":0,"27":9,"28":1,"29":9,"30":9,"31":1,"32":8,"33":9,"34":1,"35":1,"36":1,"37":9,"38":0,"39":0,"40":0,"41":9,"42":9,"43":9,"44":45,"45":0,"46":1,"47":1,"48":6},"f":{"0":10,"1":5,"2":5,"3":5,"4":6,"5":6,"6":7,"7":1,"8":0,"9":1,"10":9,"11":1,"12":1,"13":0,"14":0,"15":9,"16":45,"17":0,"18":1,"19":1,"20":6},"b":{"0":[5,0],"1":[5,5],"2":[0,1],"3":[1,8],"4":[1,0],"5":[0,0],"6":[7,2],"7":[9,0],"8":[45,0,45,45],"9":[45,15],"10":[9,1],"11":[9,2]},"_coverageSchema":"1a1c01bbd47fc00a2c39e90264f33305004495a9","hash":"1fb94720b55652641943db6861ae95316f699825"}
,"/home/david/workspace/cuteness/frontend/mpp-front/library-manager/src/components/cats/CatDetails.tsx": {"path":"/home/david/workspace/cuteness/frontend/mpp-front/library-manager/src/components/cats/CatDetails.tsx","statementMap":{"0":{"start":{"line":11,"column":37},"end":{"line":11,"column":47}},"1":{"start":{"line":12,"column":50},"end":{"line":12,"column":65}},"2":{"start":{"line":14,"column":53},"end":{"line":14,"column":66}},"3":{"start":{"line":16,"column":2},"end":{"line":28,"column":13}},"4":{"start":{"line":17,"column":4},"end":{"line":17,"column":35}},"5":{"start":{"line":19,"column":4},"end":{"line":27,"column":7}},"6":{"start":{"line":20,"column":6},"end":{"line":26,"column":7}},"7":{"start":{"line":21,"column":22},"end":{"line":21,"column":39}},"8":{"start":{"line":23,"column":8},"end":{"line":25,"column":11}},"9":{"start":{"line":23,"column":48},"end":{"line":25,"column":9}},"10":{"start":{"line":31,"column":17},"end":{"line":31,"column":44}},"11":{"start":{"line":32,"column":13},"end":{"line":32,"column":22}},"12":{"start":{"line":34,"column":2},"end":{"line":37,"column":3}},"13":{"start":{"line":35,"column":4},"end":{"line":35,"column":36}},"14":{"start":{"line":36,"column":4},"end":{"line":36,"column":49}},"15":{"start":{"line":39,"column":24},"end":{"line":39,"column":127}},"16":{"start":{"line":41,"column":2},"end":{"line":43,"column":9}},"17":{"start":{"line":42,"column":4},"end":{"line":42,"column":64}},"18":{"start":{"line":42,"column":46},"end":{"line":42,"column":62}},"19":{"start":{"line":45,"column":36},"end":{"line":45,"column":48}},"20":{"start":{"line":46,"column":30},"end":{"line":66,"column":3}},"21":{"start":{"line":47,"column":4},"end":{"line":47,"column":23}},"22":{"start":{"line":49,"column":4},"end":{"line":52,"column":5}},"23":{"start":{"line":50,"column":6},"end":{"line":50,"column":36}},"24":{"start":{"line":51,"column":6},"end":{"line":51,"column":13}},"25":{"start":{"line":54,"column":4},"end":{"line":65,"column":7}},"26":{"start":{"line":55,"column":6},"end":{"line":64,"column":7}},"27":{"start":{"line":56,"column":8},"end":{"line":63,"column":13}},"28":{"start":{"line":62,"column":12},"end":{"line":62,"column":72}},"29":{"start":{"line":62,"column":54},"end":{"line":62,"column":70}},"30":{"start":{"line":68,"column":34},"end":{"line":68,"column":45}},"31":{"start":{"line":69,"column":29},"end":{"line":88,"column":3}},"32":{"start":{"line":70,"column":4},"end":{"line":70,"column":23}},"33":{"start":{"line":72,"column":4},"end":{"line":75,"column":5}},"34":{"start":{"line":73,"column":6},"end":{"line":73,"column":38}},"35":{"start":{"line":74,"column":6},"end":{"line":74,"column":13}},"36":{"start":{"line":77,"column":4},"end":{"line":77,"column":23}},"37":{"start":{"line":79,"column":4},"end":{"line":86,"column":7}},"38":{"start":{"line":80,"column":6},"end":{"line":85,"column":10}},"39":{"start":{"line":81,"column":8},"end":{"line":85,"column":10}},"40":{"start":{"line":87,"column":4},"end":{"line":87,"column":64}},"41":{"start":{"line":87,"column":46},"end":{"line":87,"column":62}},"42":{"start":{"line":90,"column":40},"end":{"line":90,"column":51}},"43":{"start":{"line":91,"column":32},"end":{"line":111,"column":3}},"44":{"start":{"line":92,"column":4},"end":{"line":92,"column":23}},"45":{"start":{"line":94,"column":4},"end":{"line":97,"column":5}},"46":{"start":{"line":95,"column":6},"end":{"line":95,"column":41}},"47":{"start":{"line":96,"column":6},"end":{"line":96,"column":13}},"48":{"start":{"line":99,"column":4},"end":{"line":99,"column":29}},"49":{"start":{"line":101,"column":4},"end":{"line":108,"column":7}},"50":{"start":{"line":102,"column":6},"end":{"line":107,"column":10}},"51":{"start":{"line":103,"column":8},"end":{"line":107,"column":10}},"52":{"start":{"line":110,"column":4},"end":{"line":110,"column":64}},"53":{"start":{"line":110,"column":46},"end":{"line":110,"column":62}},"54":{"start":{"line":113,"column":50},"end":{"line":113,"column":65}},"55":{"start":{"line":114,"column":48},"end":{"line":114,"column":63}},"56":{"start":{"line":115,"column":54},"end":{"line":115,"column":69}},"57":{"start":{"line":117,"column":2},"end":{"line":192,"column":4}},"58":{"start":{"line":125,"column":58},"end":{"line":125,"column":96}},"59":{"start":{"line":134,"column":35},"end":{"line":134,"column":63}},"60":{"start":{"line":146,"column":58},"end":{"line":146,"column":94}},"61":{"start":{"line":157,"column":35},"end":{"line":157,"column":72}},"62":{"start":{"line":169,"column":58},"end":{"line":169,"column":100}},"63":{"start":{"line":180,"column":35},"end":{"line":180,"column":77}}},"fnMap":{"0":{"name":"CatDetails","decl":{"start":{"line":10,"column":9},"end":{"line":10,"column":19}},"loc":{"start":{"line":10,"column":22},"end":{"line":193,"column":1}},"line":10},"1":{"name":"(anonymous_1)","decl":{"start":{"line":16,"column":12},"end":{"line":16,"column":13}},"loc":{"start":{"line":16,"column":18},"end":{"line":28,"column":3}},"line":16},"2":{"name":"(anonymous_2)","decl":{"start":{"line":19,"column":28},"end":{"line":19,"column":29}},"loc":{"start":{"line":19,"column":43},"end":{"line":27,"column":5}},"line":19},"3":{"name":"(anonymous_3)","decl":{"start":{"line":23,"column":36},"end":{"line":23,"column":37}},"loc":{"start":{"line":23,"column":48},"end":{"line":25,"column":9}},"line":23},"4":{"name":"(anonymous_4)","decl":{"start":{"line":41,"column":12},"end":{"line":41,"column":13}},"loc":{"start":{"line":41,"column":18},"end":{"line":43,"column":3}},"line":41},"5":{"name":"(anonymous_5)","decl":{"start":{"line":42,"column":34},"end":{"line":42,"column":35}},"loc":{"start":{"line":42,"column":46},"end":{"line":42,"column":62}},"line":42},"6":{"name":"(anonymous_6)","decl":{"start":{"line":46,"column":30},"end":{"line":46,"column":31}},"loc":{"start":{"line":46,"column":60},"end":{"line":66,"column":3}},"line":46},"7":{"name":"(anonymous_7)","decl":{"start":{"line":54,"column":28},"end":{"line":54,"column":29}},"loc":{"start":{"line":54,"column":37},"end":{"line":65,"column":5}},"line":54},"8":{"name":"(anonymous_8)","decl":{"start":{"line":61,"column":16},"end":{"line":61,"column":17}},"loc":{"start":{"line":61,"column":22},"end":{"line":63,"column":11}},"line":61},"9":{"name":"(anonymous_9)","decl":{"start":{"line":62,"column":42},"end":{"line":62,"column":43}},"loc":{"start":{"line":62,"column":54},"end":{"line":62,"column":70}},"line":62},"10":{"name":"(anonymous_10)","decl":{"start":{"line":69,"column":29},"end":{"line":69,"column":30}},"loc":{"start":{"line":69,"column":53},"end":{"line":88,"column":3}},"line":69},"11":{"name":"(anonymous_11)","decl":{"start":{"line":79,"column":28},"end":{"line":79,"column":29}},"loc":{"start":{"line":79,"column":37},"end":{"line":86,"column":5}},"line":79},"12":{"name":"(anonymous_12)","decl":{"start":{"line":87,"column":34},"end":{"line":87,"column":35}},"loc":{"start":{"line":87,"column":46},"end":{"line":87,"column":62}},"line":87},"13":{"name":"(anonymous_13)","decl":{"start":{"line":91,"column":32},"end":{"line":91,"column":33}},"loc":{"start":{"line":91,"column":56},"end":{"line":111,"column":3}},"line":91},"14":{"name":"(anonymous_14)","decl":{"start":{"line":101,"column":28},"end":{"line":101,"column":29}},"loc":{"start":{"line":101,"column":37},"end":{"line":108,"column":5}},"line":101},"15":{"name":"(anonymous_15)","decl":{"start":{"line":110,"column":34},"end":{"line":110,"column":35}},"loc":{"start":{"line":110,"column":46},"end":{"line":110,"column":62}},"line":110},"16":{"name":"(anonymous_16)","decl":{"start":{"line":125,"column":52},"end":{"line":125,"column":53}},"loc":{"start":{"line":125,"column":58},"end":{"line":125,"column":96}},"line":125},"17":{"name":"(anonymous_17)","decl":{"start":{"line":134,"column":28},"end":{"line":134,"column":29}},"loc":{"start":{"line":134,"column":35},"end":{"line":134,"column":63}},"line":134},"18":{"name":"(anonymous_18)","decl":{"start":{"line":146,"column":52},"end":{"line":146,"column":53}},"loc":{"start":{"line":146,"column":58},"end":{"line":146,"column":94}},"line":146},"19":{"name":"(anonymous_19)","decl":{"start":{"line":157,"column":28},"end":{"line":157,"column":29}},"loc":{"start":{"line":157,"column":35},"end":{"line":157,"column":72}},"line":157},"20":{"name":"(anonymous_20)","decl":{"start":{"line":169,"column":52},"end":{"line":169,"column":53}},"loc":{"start":{"line":169,"column":58},"end":{"line":169,"column":100}},"line":169},"21":{"name":"(anonymous_21)","decl":{"start":{"line":180,"column":28},"end":{"line":180,"column":29}},"loc":{"start":{"line":180,"column":35},"end":{"line":180,"column":77}},"line":180}},"branchMap":{"0":{"loc":{"start":{"line":20,"column":6},"end":{"line":26,"column":7}},"type":"if","locations":[{"start":{"line":20,"column":6},"end":{"line":26,"column":7}},{"start":{},"end":{}}],"line":20},"1":{"loc":{"start":{"line":24,"column":10},"end":{"line":24,"column":82}},"type":"binary-expr","locations":[{"start":{"line":24,"column":10},"end":{"line":24,"column":45}},{"start":{"line":24,"column":49},"end":{"line":24,"column":82}}],"line":24},"2":{"loc":{"start":{"line":34,"column":2},"end":{"line":37,"column":3}},"type":"if","locations":[{"start":{"line":34,"column":2},"end":{"line":37,"column":3}},{"start":{},"end":{}}],"line":34},"3":{"loc":{"start":{"line":49,"column":4},"end":{"line":52,"column":5}},"type":"if","locations":[{"start":{"line":49,"column":4},"end":{"line":52,"column":5}},{"start":{},"end":{}}],"line":49},"4":{"loc":{"start":{"line":55,"column":6},"end":{"line":64,"column":7}},"type":"if","locations":[{"start":{"line":55,"column":6},"end":{"line":64,"column":7}},{"start":{},"end":{}}],"line":55},"5":{"loc":{"start":{"line":72,"column":4},"end":{"line":75,"column":5}},"type":"if","locations":[{"start":{"line":72,"column":4},"end":{"line":75,"column":5}},{"start":{},"end":{}}],"line":72},"6":{"loc":{"start":{"line":80,"column":6},"end":{"line":85,"column":10}},"type":"if","locations":[{"start":{"line":80,"column":6},"end":{"line":85,"column":10}},{"start":{},"end":{}}],"line":80},"7":{"loc":{"start":{"line":94,"column":4},"end":{"line":97,"column":5}},"type":"if","locations":[{"start":{"line":94,"column":4},"end":{"line":97,"column":5}},{"start":{},"end":{}}],"line":94},"8":{"loc":{"start":{"line":102,"column":6},"end":{"line":107,"column":10}},"type":"if","locations":[{"start":{"line":102,"column":6},"end":{"line":107,"column":10}},{"start":{},"end":{}}],"line":102},"9":{"loc":{"start":{"line":125,"column":15},"end":{"line":127,"column":23}},"type":"binary-expr","locations":[{"start":{"line":125,"column":15},"end":{"line":125,"column":31}},{"start":{"line":125,"column":35},"end":{"line":127,"column":23}}],"line":125},"10":{"loc":{"start":{"line":128,"column":15},"end":{"line":139,"column":21}},"type":"binary-expr","locations":[{"start":{"line":128,"column":15},"end":{"line":128,"column":31}},{"start":{"line":128,"column":35},"end":{"line":139,"column":21}}],"line":128},"11":{"loc":{"start":{"line":146,"column":15},"end":{"line":148,"column":23}},"type":"binary-expr","locations":[{"start":{"line":146,"column":15},"end":{"line":146,"column":31}},{"start":{"line":146,"column":35},"end":{"line":148,"column":23}}],"line":146},"12":{"loc":{"start":{"line":149,"column":15},"end":{"line":162,"column":21}},"type":"binary-expr","locations":[{"start":{"line":149,"column":15},"end":{"line":149,"column":30}},{"start":{"line":149,"column":34},"end":{"line":162,"column":21}}],"line":149},"13":{"loc":{"start":{"line":169,"column":15},"end":{"line":171,"column":23}},"type":"binary-expr","locations":[{"start":{"line":169,"column":15},"end":{"line":169,"column":31}},{"start":{"line":169,"column":35},"end":{"line":171,"column":23}}],"line":169},"14":{"loc":{"start":{"line":172,"column":15},"end":{"line":185,"column":21}},"type":"binary-expr","locations":[{"start":{"line":172,"column":15},"end":{"line":172,"column":33}},{"start":{"line":172,"column":37},"end":{"line":185,"column":21}}],"line":172}},"s":{"0":19,"1":19,"2":18,"3":18,"4":4,"5":4,"6":4,"7":4,"8":4,"9":4,"10":18,"11":18,"12":18,"13":0,"14":0,"15":18,"16":18,"17":4,"18":4,"19":18,"20":18,"21":1,"22":1,"23":0,"24":0,"25":1,"26":1,"27":1,"28":0,"29":0,"30":18,"31":18,"32":1,"33":1,"34":0,"35":0,"36":1,"37":1,"38":1,"39":1,"40":1,"41":1,"42":18,"43":18,"44":1,"45":1,"46":0,"47":0,"48":1,"49":1,"50":1,"51":1,"52":1,"53":1,"54":18,"55":18,"56":18,"57":18,"58":1,"59":5,"60":1,"61":0,"62":1,"63":0},"f":{"0":19,"1":4,"2":4,"3":4,"4":4,"5":4,"6":1,"7":1,"8":0,"9":0,"10":1,"11":1,"12":1,"13":1,"14":1,"15":1,"16":1,"17":5,"18":1,"19":0,"20":1,"21":0},"b":{"0":[4,0],"1":[4,4],"2":[0,18],"3":[0,1],"4":[1,0],"5":[0,1],"6":[1,0],"7":[0,1],"8":[1,0],"9":[18,14],"10":[18,6],"11":[18,14],"12":[18,2],"13":[18,14],"14":[18,2]},"_coverageSchema":"1a1c01bbd47fc00a2c39e90264f33305004495a9","hash":"ad8ad1dee6a8e1eef3afece05178257ebaefd451"}
,"/home/david/workspace/cuteness/frontend/mpp-front/library-manager/src/components/users/AddUser.tsx": {"path":"/home/david/workspace/cuteness/frontend/mpp-front/library-manager/src/components/users/AddUser.tsx","statementMap":{"0":{"start":{"line":9,"column":33},"end":{"line":9,"column":43}},"1":{"start":{"line":11,"column":28},"end":{"line":11,"column":40}},"2":{"start":{"line":12,"column":30},"end":{"line":12,"column":42}},"3":{"start":{"line":13,"column":36},"end":{"line":13,"column":48}},"4":{"start":{"line":14,"column":28},"end":{"line":14,"column":60}},"5":{"start":{"line":16,"column":24},"end":{"line":16,"column":37}},"6":{"start":{"line":18,"column":25},"end":{"line":36,"column":5}},"7":{"start":{"line":19,"column":8},"end":{"line":19,"column":27}},"8":{"start":{"line":21,"column":8},"end":{"line":30,"column":9}},"9":{"start":{"line":22,"column":12},"end":{"line":22,"column":42}},"10":{"start":{"line":23,"column":12},"end":{"line":23,"column":19}},"11":{"start":{"line":24,"column":15},"end":{"line":30,"column":9}},"12":{"start":{"line":25,"column":12},"end":{"line":25,"column":43}},"13":{"start":{"line":26,"column":12},"end":{"line":26,"column":19}},"14":{"start":{"line":27,"column":15},"end":{"line":30,"column":9}},"15":{"start":{"line":28,"column":12},"end":{"line":28,"column":46}},"16":{"start":{"line":29,"column":12},"end":{"line":29,"column":19}},"17":{"start":{"line":32,"column":8},"end":{"line":35,"column":11}},"18":{"start":{"line":33,"column":12},"end":{"line":34,"column":99}},"19":{"start":{"line":34,"column":16},"end":{"line":34,"column":99}},"20":{"start":{"line":38,"column":4},"end":{"line":73,"column":6}},"21":{"start":{"line":45,"column":37},"end":{"line":45,"column":60}},"22":{"start":{"line":51,"column":37},"end":{"line":51,"column":61}},"23":{"start":{"line":57,"column":37},"end":{"line":57,"column":64}},"24":{"start":{"line":62,"column":37},"end":{"line":62,"column":70}}},"fnMap":{"0":{"name":"AddUser","decl":{"start":{"line":8,"column":9},"end":{"line":8,"column":16}},"loc":{"start":{"line":8,"column":19},"end":{"line":74,"column":1}},"line":8},"1":{"name":"(anonymous_1)","decl":{"start":{"line":18,"column":25},"end":{"line":18,"column":26}},"loc":{"start":{"line":18,"column":49},"end":{"line":36,"column":5}},"line":18},"2":{"name":"(anonymous_2)","decl":{"start":{"line":32,"column":32},"end":{"line":32,"column":33}},"loc":{"start":{"line":32,"column":41},"end":{"line":35,"column":9}},"line":32},"3":{"name":"(anonymous_3)","decl":{"start":{"line":45,"column":30},"end":{"line":45,"column":31}},"loc":{"start":{"line":45,"column":37},"end":{"line":45,"column":60}},"line":45},"4":{"name":"(anonymous_4)","decl":{"start":{"line":51,"column":30},"end":{"line":51,"column":31}},"loc":{"start":{"line":51,"column":37},"end":{"line":51,"column":61}},"line":51},"5":{"name":"(anonymous_5)","decl":{"start":{"line":57,"column":30},"end":{"line":57,"column":31}},"loc":{"start":{"line":57,"column":37},"end":{"line":57,"column":64}},"line":57},"6":{"name":"(anonymous_6)","decl":{"start":{"line":62,"column":30},"end":{"line":62,"column":31}},"loc":{"start":{"line":62,"column":37},"end":{"line":62,"column":70}},"line":62}},"branchMap":{"0":{"loc":{"start":{"line":21,"column":8},"end":{"line":30,"column":9}},"type":"if","locations":[{"start":{"line":21,"column":8},"end":{"line":30,"column":9}},{"start":{"line":24,"column":15},"end":{"line":30,"column":9}}],"line":21},"1":{"loc":{"start":{"line":24,"column":15},"end":{"line":30,"column":9}},"type":"if","locations":[{"start":{"line":24,"column":15},"end":{"line":30,"column":9}},{"start":{"line":27,"column":15},"end":{"line":30,"column":9}}],"line":24},"2":{"loc":{"start":{"line":27,"column":15},"end":{"line":30,"column":9}},"type":"if","locations":[{"start":{"line":27,"column":15},"end":{"line":30,"column":9}},{"start":{},"end":{}}],"line":27},"3":{"loc":{"start":{"line":33,"column":12},"end":{"line":34,"column":99}},"type":"if","locations":[{"start":{"line":33,"column":12},"end":{"line":34,"column":99}},{"start":{},"end":{}}],"line":33}},"s":{"0":4,"1":4,"2":4,"3":4,"4":4,"5":4,"6":4,"7":0,"8":0,"9":0,"10":0,"11":0,"12":0,"13":0,"14":0,"15":0,"16":0,"17":0,"18":0,"19":0,"20":4,"21":0,"22":0,"23":0,"24":0},"f":{"0":4,"1":0,"2":0,"3":0,"4":0,"5":0,"6":0},"b":{"0":[0,0],"1":[0,0],"2":[0,0],"3":[0,0]},"_coverageSchema":"1a1c01bbd47fc00a2c39e90264f33305004495a9","hash":"22e6d2abdb1863b9d26aefe11f1a5a526fa71231"}
,"/home/david/workspace/cuteness/frontend/mpp-front/library-manager/src/components/users/AllUsers.tsx": {"path":"/home/david/workspace/cuteness/frontend/mpp-front/library-manager/src/components/users/AllUsers.tsx","statementMap":{"0":{"start":{"line":28,"column":39},"end":{"line":28,"column":49}},"1":{"start":{"line":29,"column":72},"end":{"line":29,"column":85}},"2":{"start":{"line":30,"column":36},"end":{"line":30,"column":56}},"3":{"start":{"line":32,"column":4},"end":{"line":34,"column":15}},"4":{"start":{"line":33,"column":8},"end":{"line":33,"column":27}},"5":{"start":{"line":36,"column":25},"end":{"line":43,"column":5}},"6":{"start":{"line":37,"column":8},"end":{"line":42,"column":11}},"7":{"start":{"line":38,"column":12},"end":{"line":41,"column":13}},"8":{"start":{"line":39,"column":16},"end":{"line":39,"column":48}},"9":{"start":{"line":40,"column":16},"end":{"line":40,"column":35}},"10":{"start":{"line":45,"column":24},"end":{"line":45,"column":63}},"11":{"start":{"line":46,"column":32},"end":{"line":53,"column":5}},"12":{"start":{"line":47,"column":8},"end":{"line":52,"column":11}},"13":{"start":{"line":48,"column":12},"end":{"line":51,"column":13}},"14":{"start":{"line":49,"column":16},"end":{"line":49,"column":58}},"15":{"start":{"line":50,"column":16},"end":{"line":50,"column":35}},"16":{"start":{"line":55,"column":29},"end":{"line":64,"column":5}},"17":{"start":{"line":56,"column":8},"end":{"line":63,"column":11}},"18":{"start":{"line":57,"column":12},"end":{"line":62,"column":18}},"19":{"start":{"line":58,"column":16},"end":{"line":62,"column":18}},"20":{"start":{"line":59,"column":20},"end":{"line":59,"column":47}},"21":{"start":{"line":60,"column":20},"end":{"line":60,"column":90}},"22":{"start":{"line":66,"column":46},"end":{"line":66,"column":85}},"23":{"start":{"line":68,"column":32},"end":{"line":83,"column":5}},"24":{"start":{"line":69,"column":24},"end":{"line":69,"column":45}},"25":{"start":{"line":71,"column":8},"end":{"line":75,"column":9}},"26":{"start":{"line":72,"column":12},"end":{"line":72,"column":42}},"27":{"start":{"line":73,"column":12},"end":{"line":73,"column":42}},"28":{"start":{"line":74,"column":12},"end":{"line":74,"column":19}},"29":{"start":{"line":77,"column":8},"end":{"line":82,"column":11}},"30":{"start":{"line":78,"column":12},"end":{"line":81,"column":13}},"31":{"start":{"line":79,"column":16},"end":{"line":79,"column":61}},"32":{"start":{"line":80,"column":16},"end":{"line":80,"column":35}},"33":{"start":{"line":85,"column":32},"end":{"line":88,"column":5}},"34":{"start":{"line":86,"column":8},"end":{"line":86,"column":53}},"35":{"start":{"line":87,"column":8},"end":{"line":87,"column":75}},"36":{"start":{"line":87,"column":39},"end":{"line":87,"column":72}},"37":{"start":{"line":90,"column":4},"end":{"line":160,"column":6}},"38":{"start":{"line":106,"column":36},"end":{"line":147,"column":47}},"39":{"start":{"line":109,"column":69},"end":{"line":109,"column":88}},"40":{"start":{"line":109,"column":89},"end":{"line":109,"column":118}},"41":{"start":{"line":116,"column":69},"end":{"line":116,"column":113}},"42":{"start":{"line":128,"column":69},"end":{"line":128,"column":88}},"43":{"start":{"line":128,"column":89},"end":{"line":128,"column":140}},"44":{"start":{"line":134,"column":69},"end":{"line":134,"column":123}},"45":{"start":{"line":144,"column":63},"end":{"line":144,"column":84}},"46":{"start":{"line":164,"column":4},"end":{"line":169,"column":6}}},"fnMap":{"0":{"name":"UsersTable","decl":{"start":{"line":27,"column":9},"end":{"line":27,"column":19}},"loc":{"start":{"line":27,"column":22},"end":{"line":161,"column":1}},"line":27},"1":{"name":"(anonymous_1)","decl":{"start":{"line":32,"column":14},"end":{"line":32,"column":15}},"loc":{"start":{"line":32,"column":20},"end":{"line":34,"column":5}},"line":32},"2":{"name":"(anonymous_2)","decl":{"start":{"line":36,"column":25},"end":{"line":36,"column":26}},"loc":{"start":{"line":36,"column":45},"end":{"line":43,"column":5}},"line":36},"3":{"name":"(anonymous_3)","decl":{"start":{"line":37,"column":32},"end":{"line":37,"column":33}},"loc":{"start":{"line":37,"column":41},"end":{"line":42,"column":9}},"line":37},"4":{"name":"(anonymous_4)","decl":{"start":{"line":46,"column":32},"end":{"line":46,"column":33}},"loc":{"start":{"line":46,"column":66},"end":{"line":53,"column":5}},"line":46},"5":{"name":"(anonymous_5)","decl":{"start":{"line":47,"column":32},"end":{"line":47,"column":33}},"loc":{"start":{"line":47,"column":41},"end":{"line":52,"column":9}},"line":47},"6":{"name":"(anonymous_6)","decl":{"start":{"line":55,"column":29},"end":{"line":55,"column":30}},"loc":{"start":{"line":55,"column":35},"end":{"line":64,"column":5}},"line":55},"7":{"name":"(anonymous_7)","decl":{"start":{"line":56,"column":32},"end":{"line":56,"column":33}},"loc":{"start":{"line":56,"column":47},"end":{"line":63,"column":9}},"line":56},"8":{"name":"(anonymous_8)","decl":{"start":{"line":58,"column":53},"end":{"line":58,"column":54}},"loc":{"start":{"line":58,"column":70},"end":{"line":61,"column":17}},"line":58},"9":{"name":"(anonymous_9)","decl":{"start":{"line":68,"column":32},"end":{"line":68,"column":33}},"loc":{"start":{"line":68,"column":52},"end":{"line":83,"column":5}},"line":68},"10":{"name":"(anonymous_10)","decl":{"start":{"line":77,"column":32},"end":{"line":77,"column":33}},"loc":{"start":{"line":77,"column":41},"end":{"line":82,"column":9}},"line":77},"11":{"name":"(anonymous_11)","decl":{"start":{"line":85,"column":32},"end":{"line":85,"column":33}},"loc":{"start":{"line":85,"column":67},"end":{"line":88,"column":5}},"line":85},"12":{"name":"(anonymous_12)","decl":{"start":{"line":87,"column":25},"end":{"line":87,"column":26}},"loc":{"start":{"line":87,"column":39},"end":{"line":87,"column":72}},"line":87},"13":{"name":"(anonymous_13)","decl":{"start":{"line":105,"column":46},"end":{"line":105,"column":47}},"loc":{"start":{"line":106,"column":36},"end":{"line":147,"column":47}},"line":106},"14":{"name":"(anonymous_14)","decl":{"start":{"line":109,"column":60},"end":{"line":109,"column":61}},"loc":{"start":{"line":109,"column":67},"end":{"line":109,"column":120}},"line":109},"15":{"name":"(anonymous_15)","decl":{"start":{"line":116,"column":62},"end":{"line":116,"column":63}},"loc":{"start":{"line":116,"column":69},"end":{"line":116,"column":113}},"line":116},"16":{"name":"(anonymous_16)","decl":{"start":{"line":128,"column":60},"end":{"line":128,"column":61}},"loc":{"start":{"line":128,"column":67},"end":{"line":128,"column":142}},"line":128},"17":{"name":"(anonymous_17)","decl":{"start":{"line":134,"column":62},"end":{"line":134,"column":63}},"loc":{"start":{"line":134,"column":69},"end":{"line":134,"column":123}},"line":134},"18":{"name":"(anonymous_18)","decl":{"start":{"line":144,"column":57},"end":{"line":144,"column":58}},"loc":{"start":{"line":144,"column":63},"end":{"line":144,"column":84}},"line":144},"19":{"name":"AllUsers","decl":{"start":{"line":163,"column":9},"end":{"line":163,"column":17}},"loc":{"start":{"line":163,"column":20},"end":{"line":170,"column":1}},"line":163}},"branchMap":{"0":{"loc":{"start":{"line":38,"column":12},"end":{"line":41,"column":13}},"type":"if","locations":[{"start":{"line":38,"column":12},"end":{"line":41,"column":13}},{"start":{},"end":{}}],"line":38},"1":{"loc":{"start":{"line":48,"column":12},"end":{"line":51,"column":13}},"type":"if","locations":[{"start":{"line":48,"column":12},"end":{"line":51,"column":13}},{"start":{},"end":{}}],"line":48},"2":{"loc":{"start":{"line":57,"column":12},"end":{"line":62,"column":18}},"type":"if","locations":[{"start":{"line":57,"column":12},"end":{"line":62,"column":18}},{"start":{},"end":{}}],"line":57},"3":{"loc":{"start":{"line":71,"column":8},"end":{"line":75,"column":9}},"type":"if","locations":[{"start":{"line":71,"column":8},"end":{"line":75,"column":9}},{"start":{},"end":{}}],"line":71},"4":{"loc":{"start":{"line":71,"column":12},"end":{"line":71,"column":45}},"type":"binary-expr","locations":[{"start":{"line":71,"column":12},"end":{"line":71,"column":20}},{"start":{"line":71,"column":24},"end":{"line":71,"column":45}}],"line":71},"5":{"loc":{"start":{"line":78,"column":12},"end":{"line":81,"column":13}},"type":"if","locations":[{"start":{"line":78,"column":12},"end":{"line":81,"column":13}},{"start":{},"end":{}}],"line":78},"6":{"loc":{"start":{"line":92,"column":13},"end":{"line":156,"column":17}},"type":"cond-expr","locations":[{"start":{"line":94,"column":20},"end":{"line":151,"column":37}},{"start":{"line":155,"column":20},"end":{"line":155,"column":36}}],"line":92},"7":{"loc":{"start":{"line":115,"column":59},"end":{"line":115,"column":87}},"type":"binary-expr","locations":[{"start":{"line":115,"column":59},"end":{"line":115,"column":81}},{"start":{"line":115,"column":85},"end":{"line":115,"column":87}}],"line":115}},"s":{"0":4,"1":4,"2":4,"3":4,"4":2,"5":4,"6":1,"7":1,"8":1,"9":1,"10":4,"11":4,"12":0,"13":0,"14":0,"15":0,"16":4,"17":3,"18":3,"19":3,"20":3,"21":3,"22":4,"23":4,"24":0,"25":0,"26":0,"27":0,"28":0,"29":0,"30":0,"31":0,"32":0,"33":4,"34":0,"35":0,"36":0,"37":4,"38":4,"39":0,"40":0,"41":0,"42":0,"43":0,"44":0,"45":1,"46":2},"f":{"0":4,"1":2,"2":1,"3":1,"4":0,"5":0,"6":3,"7":3,"8":3,"9":0,"10":0,"11":0,"12":0,"13":4,"14":0,"15":0,"16":0,"17":0,"18":1,"19":2},"b":{"0":[1,0],"1":[0,0],"2":[3,0],"3":[0,0],"4":[0,0],"5":[0,0],"6":[2,2],"7":[4,4]},"_coverageSchema":"1a1c01bbd47fc00a2c39e90264f33305004495a9","hash":"36a57ca2702fd586739ed87290cca9aec7e8ef8f"}
,"/home/david/workspace/cuteness/frontend/mpp-front/library-manager/src/components/utilities/SillyLoading.tsx": {"path":"/home/david/workspace/cuteness/frontend/mpp-front/library-manager/src/components/utilities/SillyLoading.tsx","statementMap":{"0":{"start":{"line":4,"column":4},"end":{"line":25,"column":6}}},"fnMap":{"0":{"name":"SillyLoading","decl":{"start":{"line":3,"column":9},"end":{"line":3,"column":21}},"loc":{"start":{"line":3,"column":24},"end":{"line":26,"column":1}},"line":3}},"branchMap":{},"s":{"0":4},"f":{"0":4},"b":{},"_coverageSchema":"1a1c01bbd47fc00a2c39e90264f33305004495a9","hash":"b5a6b1cf87ffc5331af44b2e8b5b2ec9d2a6b73c"}
,"/home/david/workspace/cuteness/frontend/mpp-front/library-manager/src/utils/Constants.tsx": {"path":"/home/david/workspace/cuteness/frontend/mpp-front/library-manager/src/utils/Constants.tsx","statementMap":{"0":{"start":{"line":1,"column":38},"end":{"line":1,"column":52}},"1":{"start":{"line":2,"column":38},"end":{"line":2,"column":47}},"2":{"start":{"line":3,"column":36},"end":{"line":3,"column":43}},"3":{"start":{"line":5,"column":43},"end":{"line":5,"column":44}}},"fnMap":{},"branchMap":{},"s":{"0":4,"1":4,"2":4,"3":4},"f":{},"b":{},"_coverageSchema":"1a1c01bbd47fc00a2c39e90264f33305004495a9","hash":"e5a6ae311db5f0f6e173ca78ff3a93d52d3a7867"}
}
