TN:
SF:src/BuyMoney.tsx
FN:6,(anonymous_0)
FN:12,(anonymous_1)
FN:16,(anonymous_2)
FNF:3
FNH:1
FNDA:2,(anonymous_0)
FNDA:0,(anonymous_1)
FNDA:0,(anonymous_2)
DA:6,1
DA:7,2
DA:8,2
DA:9,2
DA:12,2
DA:13,0
DA:15,0
DA:16,0
DA:17,0
DA:18,0
DA:19,0
DA:24,0
DA:25,0
DA:29,2
LF:14
LH:6
BRDA:15,0,0,0
BRDA:15,0,1,0
BRDA:18,1,0,0
BRDA:18,1,1,0
BRDA:24,2,0,0
BRDA:24,2,1,0
BRF:6
BRH:0
end_of_record
TN:
SF:src/components/NavigationBar.tsx
FN:14,NavigationBar
FN:21,(anonymous_1)
FN:24,(anonymous_2)
FN:28,(anonymous_3)
FN:33,(anonymous_4)
FN:34,(anonymous_5)
FN:35,(anonymous_6)
FNF:7
FNH:4
FNDA:2,NavigationBar
FNDA:1,(anonymous_1)
FNDA:1,(anonymous_2)
FNDA:1,(anonymous_3)
FNDA:0,(anonymous_4)
FNDA:0,(anonymous_5)
FNDA:0,(anonymous_6)
DA:15,2
DA:16,2
DA:17,2
DA:18,2
DA:19,2
DA:21,2
DA:22,1
DA:24,1
DA:25,1
DA:26,1
DA:28,1
DA:29,1
DA:30,1
DA:33,1
DA:34,0
DA:35,0
DA:41,2
LF:17
LH:15
BRDA:25,0,0,1
BRDA:25,0,1,0
BRDA:29,1,0,1
BRDA:29,1,1,1
BRDA:64,2,0,2
BRDA:64,2,1,1
BRDA:84,3,0,2
BRDA:84,3,1,1
BRDA:89,4,0,2
BRDA:89,4,1,2
BRF:10
BRH:9
end_of_record
TN:
SF:src/components/ToysPerCat.tsx
FN:6,ToysPerCat
FN:12,(anonymous_1)
FN:13,(anonymous_2)
FN:17,(anonymous_3)
FN:18,handleScroll
FN:24,(anonymous_5)
FN:30,(anonymous_6)
FN:48,(anonymous_7)
FNF:8
FNH:6
FNDA:4,ToysPerCat
FNDA:2,(anonymous_1)
FNDA:2,(anonymous_2)
FNDA:2,(anonymous_3)
FNDA:0,handleScroll
FNDA:0,(anonymous_5)
FNDA:2,(anonymous_6)
FNDA:2,(anonymous_7)
DA:7,4
DA:9,4
DA:10,3
DA:12,3
DA:13,2
DA:17,3
DA:19,0
DA:20,0
DA:21,0
DA:23,0
DA:24,0
DA:28,2
DA:30,2
DA:31,2
DA:36,3
DA:49,2
LF:16
LH:11
BRDA:21,0,0,0
BRDA:21,0,1,0
BRDA:21,0,2,0
BRDA:23,1,0,0
BRDA:23,1,1,0
BRDA:39,2,0,1
BRDA:39,2,1,2
BRF:7
BRH:2
end_of_record
TN:
SF:src/components/UserProfile.tsx
FN:9,(anonymous_0)
FN:17,(anonymous_1)
FN:21,(anonymous_2)
FN:23,(anonymous_3)
FN:24,(anonymous_4)
FN:62,(anonymous_5)
FNF:6
FNH:5
FNDA:2,(anonymous_0)
FNDA:1,(anonymous_1)
FNDA:1,(anonymous_2)
FNDA:1,(anonymous_3)
FNDA:1,(anonymous_4)
FNDA:0,(anonymous_5)
DA:9,1
DA:10,2
DA:11,2
DA:12,2
DA:14,2
DA:15,2
DA:17,2
DA:18,1
DA:19,1
DA:21,1
DA:22,1
DA:23,1
DA:24,1
DA:30,2
DA:31,0
DA:36,2
DA:37,2
DA:62,0
DA:91,0
LF:19
LH:16
BRDA:18,0,0,1
BRDA:18,0,1,0
BRDA:22,1,0,1
BRDA:22,1,1,0
BRDA:30,2,0,0
BRDA:30,2,1,2
BRDA:36,3,0,2
BRDA:36,3,1,0
BRDA:36,4,0,2
BRDA:36,4,1,2
BRF:10
BRH:6
end_of_record
TN:
SF:src/components/cats/AddCat.tsx
FN:8,AddCat
FN:17,(anonymous_1)
FN:25,(anonymous_2)
FN:40,(anonymous_3)
FN:52,(anonymous_4)
FN:64,(anonymous_5)
FNF:6
FNH:1
FNDA:3,AddCat
FNDA:0,(anonymous_1)
FNDA:0,(anonymous_2)
FNDA:0,(anonymous_3)
FNDA:0,(anonymous_4)
FNDA:0,(anonymous_5)
DA:6,1
DA:9,3
DA:11,3
DA:12,3
DA:13,3
DA:15,3
DA:17,3
DA:18,0
DA:20,0
DA:21,0
DA:22,0
DA:25,0
DA:26,0
DA:27,0
DA:31,3
DA:40,0
DA:52,0
DA:64,0
LF:18
LH:8
BRDA:20,0,0,0
BRDA:20,0,1,0
BRDA:26,1,0,0
BRDA:26,1,1,0
BRF:4
BRH:0
end_of_record
TN:
SF:src/components/cats/AllCats.tsx
FN:25,CatsTable
FN:30,(anonymous_1)
FN:33,(anonymous_2)
FN:37,(anonymous_3)
FN:50,(anonymous_4)
FN:51,(anonymous_5)
FN:54,(anonymous_6)
FN:58,(anonymous_7)
FN:65,(anonymous_8)
FN:69,(anonymous_9)
FN:73,(anonymous_10)
FN:80,(anonymous_11)
FN:81,(anonymous_12)
FN:87,(anonymous_13)
FN:88,(anonymous_14)
FN:94,(anonymous_15)
FN:112,(anonymous_16)
FN:123,(anonymous_17)
FN:131,(anonymous_18)
FN:141,(anonymous_19)
FN:169,AllCats
FNF:21
FNH:17
FNDA:10,CatsTable
FNDA:5,(anonymous_1)
FNDA:5,(anonymous_2)
FNDA:5,(anonymous_3)
FNDA:6,(anonymous_4)
FNDA:6,(anonymous_5)
FNDA:7,(anonymous_6)
FNDA:1,(anonymous_7)
FNDA:0,(anonymous_8)
FNDA:1,(anonymous_9)
FNDA:9,(anonymous_10)
FNDA:1,(anonymous_11)
FNDA:1,(anonymous_12)
FNDA:0,(anonymous_13)
FNDA:0,(anonymous_14)
FNDA:9,(anonymous_15)
FNDA:45,(anonymous_16)
FNDA:0,(anonymous_17)
FNDA:1,(anonymous_18)
FNDA:1,(anonymous_19)
FNDA:6,AllCats
DA:22,1
DA:23,1
DA:26,10
DA:27,10
DA:28,10
DA:30,9
DA:31,5
DA:33,5
DA:34,5
DA:35,5
DA:37,5
DA:44,9
DA:46,9
DA:47,9
DA:49,9
DA:50,9
DA:51,6
DA:54,9
DA:55,7
DA:58,9
DA:59,1
DA:60,0
DA:62,1
DA:65,9
DA:66,0
DA:69,9
DA:70,1
DA:73,9
DA:74,9
DA:75,1
DA:77,8
DA:80,9
DA:81,1
DA:82,1
DA:83,1
DA:87,9
DA:88,0
DA:89,0
DA:90,0
DA:94,9
DA:95,9
DA:98,9
DA:113,45
DA:123,0
DA:131,1
DA:141,1
DA:170,6
LF:47
LH:41
BRDA:34,0,0,5
BRDA:34,0,1,0
BRDA:38,1,0,5
BRDA:38,1,1,5
BRDA:59,2,0,0
BRDA:59,2,1,1
BRDA:74,3,0,1
BRDA:74,3,1,8
BRDA:82,4,0,1
BRDA:82,4,1,0
BRDA:89,5,0,0
BRDA:89,5,1,0
BRDA:95,6,0,7
BRDA:95,6,1,2
BRDA:101,7,0,9
BRDA:101,7,1,0
BRDA:120,8,0,45
BRDA:120,8,1,0
BRDA:120,8,2,45
BRDA:120,8,3,45
BRDA:127,9,0,45
BRDA:127,9,1,15
BRDA:148,10,0,9
BRDA:148,10,1,1
BRDA:154,11,0,9
BRDA:154,11,1,2
BRF:26
BRH:19
end_of_record
TN:
SF:src/components/cats/CatDetails.tsx
FN:10,CatDetails
FN:16,(anonymous_1)
FN:19,(anonymous_2)
FN:23,(anonymous_3)
FN:41,(anonymous_4)
FN:42,(anonymous_5)
FN:46,(anonymous_6)
FN:54,(anonymous_7)
FN:61,(anonymous_8)
FN:62,(anonymous_9)
FN:69,(anonymous_10)
FN:79,(anonymous_11)
FN:87,(anonymous_12)
FN:91,(anonymous_13)
FN:101,(anonymous_14)
FN:110,(anonymous_15)
FN:125,(anonymous_16)
FN:134,(anonymous_17)
FN:146,(anonymous_18)
FN:157,(anonymous_19)
FN:169,(anonymous_20)
FN:180,(anonymous_21)
FNF:22
FNH:18
FNDA:19,CatDetails
FNDA:4,(anonymous_1)
FNDA:4,(anonymous_2)
FNDA:4,(anonymous_3)
FNDA:4,(anonymous_4)
FNDA:4,(anonymous_5)
FNDA:1,(anonymous_6)
FNDA:1,(anonymous_7)
FNDA:0,(anonymous_8)
FNDA:0,(anonymous_9)
FNDA:1,(anonymous_10)
FNDA:1,(anonymous_11)
FNDA:1,(anonymous_12)
FNDA:1,(anonymous_13)
FNDA:1,(anonymous_14)
FNDA:1,(anonymous_15)
FNDA:1,(anonymous_16)
FNDA:5,(anonymous_17)
FNDA:1,(anonymous_18)
FNDA:0,(anonymous_19)
FNDA:1,(anonymous_20)
FNDA:0,(anonymous_21)
DA:11,19
DA:12,19
DA:14,18
DA:16,18
DA:17,4
DA:19,4
DA:20,4
DA:21,4
DA:23,4
DA:31,18
DA:32,18
DA:34,18
DA:35,0
DA:36,0
DA:39,18
DA:41,18
DA:42,4
DA:45,18
DA:46,18
DA:47,1
DA:49,1
DA:50,0
DA:51,0
DA:54,1
DA:55,1
DA:56,1
DA:62,0
DA:68,18
DA:69,18
DA:70,1
DA:72,1
DA:73,0
DA:74,0
DA:77,1
DA:79,1
DA:80,1
DA:81,1
DA:87,1
DA:90,18
DA:91,18
DA:92,1
DA:94,1
DA:95,0
DA:96,0
DA:99,1
DA:101,1
DA:102,1
DA:103,1
DA:110,1
DA:113,18
DA:114,18
DA:115,18
DA:117,18
DA:125,1
DA:134,5
DA:146,1
DA:157,0
DA:169,1
DA:180,0
LF:59
LH:48
BRDA:20,0,0,4
BRDA:20,0,1,0
BRDA:24,1,0,4
BRDA:24,1,1,4
BRDA:34,2,0,0
BRDA:34,2,1,18
BRDA:49,3,0,0
BRDA:49,3,1,1
BRDA:55,4,0,1
BRDA:55,4,1,0
BRDA:72,5,0,0
BRDA:72,5,1,1
BRDA:80,6,0,1
BRDA:80,6,1,0
BRDA:94,7,0,0
BRDA:94,7,1,1
BRDA:102,8,0,1
BRDA:102,8,1,0
BRDA:125,9,0,18
BRDA:125,9,1,14
BRDA:128,10,0,18
BRDA:128,10,1,6
BRDA:146,11,0,18
BRDA:146,11,1,14
BRDA:149,12,0,18
BRDA:149,12,1,2
BRDA:169,13,0,18
BRDA:169,13,1,14
BRDA:172,14,0,18
BRDA:172,14,1,2
BRF:30
BRH:22
end_of_record
TN:
SF:src/components/users/AddUser.tsx
FN:8,AddUser
FN:18,(anonymous_1)
FN:32,(anonymous_2)
FN:45,(anonymous_3)
FN:51,(anonymous_4)
FN:57,(anonymous_5)
FN:62,(anonymous_6)
FNF:7
FNH:1
FNDA:4,AddUser
FNDA:0,(anonymous_1)
FNDA:0,(anonymous_2)
FNDA:0,(anonymous_3)
FNDA:0,(anonymous_4)
FNDA:0,(anonymous_5)
FNDA:0,(anonymous_6)
DA:9,4
DA:11,4
DA:12,4
DA:13,4
DA:14,4
DA:16,4
DA:18,4
DA:19,0
DA:21,0
DA:22,0
DA:23,0
DA:24,0
DA:25,0
DA:26,0
DA:27,0
DA:28,0
DA:29,0
DA:32,0
DA:33,0
DA:34,0
DA:38,4
DA:45,0
DA:51,0
DA:57,0
DA:62,0
LF:25
LH:8
BRDA:21,0,0,0
BRDA:21,0,1,0
BRDA:24,1,0,0
BRDA:24,1,1,0
BRDA:27,2,0,0
BRDA:27,2,1,0
BRDA:33,3,0,0
BRDA:33,3,1,0
BRF:8
BRH:0
end_of_record
TN:
SF:src/components/users/AllUsers.tsx
FN:27,UsersTable
FN:32,(anonymous_1)
FN:36,(anonymous_2)
FN:37,(anonymous_3)
FN:46,(anonymous_4)
FN:47,(anonymous_5)
FN:55,(anonymous_6)
FN:56,(anonymous_7)
FN:58,(anonymous_8)
FN:68,(anonymous_9)
FN:77,(anonymous_10)
FN:85,(anonymous_11)
FN:87,(anonymous_12)
FN:105,(anonymous_13)
FN:109,(anonymous_14)
FN:116,(anonymous_15)
FN:128,(anonymous_16)
FN:134,(anonymous_17)
FN:144,(anonymous_18)
FN:163,AllUsers
FNF:20
FNH:10
FNDA:4,UsersTable
FNDA:2,(anonymous_1)
FNDA:1,(anonymous_2)
FNDA:1,(anonymous_3)
FNDA:0,(anonymous_4)
FNDA:0,(anonymous_5)
FNDA:3,(anonymous_6)
FNDA:3,(anonymous_7)
FNDA:3,(anonymous_8)
FNDA:0,(anonymous_9)
FNDA:0,(anonymous_10)
FNDA:0,(anonymous_11)
FNDA:0,(anonymous_12)
FNDA:4,(anonymous_13)
FNDA:0,(anonymous_14)
FNDA:0,(anonymous_15)
FNDA:0,(anonymous_16)
FNDA:0,(anonymous_17)
FNDA:1,(anonymous_18)
FNDA:2,AllUsers
DA:28,4
DA:29,4
DA:30,4
DA:32,4
DA:33,2
DA:36,4
DA:37,1
DA:38,1
DA:39,1
DA:40,1
DA:45,4
DA:46,4
DA:47,0
DA:48,0
DA:49,0
DA:50,0
DA:55,4
DA:56,3
DA:57,3
DA:58,3
DA:59,3
DA:60,3
DA:66,4
DA:68,4
DA:69,0
DA:71,0
DA:72,0
DA:73,0
DA:74,0
DA:77,0
DA:78,0
DA:79,0
DA:80,0
DA:85,4
DA:86,0
DA:87,0
DA:90,4
DA:106,4
DA:109,0
DA:116,0
DA:128,0
DA:134,0
DA:144,1
DA:164,2
LF:44
LH:25
BRDA:38,0,0,1
BRDA:38,0,1,0
BRDA:48,1,0,0
BRDA:48,1,1,0
BRDA:57,2,0,3
BRDA:57,2,1,0
BRDA:71,3,0,0
BRDA:71,3,1,0
BRDA:71,4,0,0
BRDA:71,4,1,0
BRDA:78,5,0,0
BRDA:78,5,1,0
BRDA:92,6,0,2
BRDA:92,6,1,2
BRDA:115,7,0,4
BRDA:115,7,1,4
BRF:16
BRH:6
end_of_record
TN:
SF:src/components/utilities/SillyLoading.tsx
FN:3,SillyLoading
FNF:1
FNH:1
FNDA:4,SillyLoading
DA:4,4
LF:1
LH:1
BRF:0
BRH:0
end_of_record
TN:
SF:src/utils/Constants.tsx
FNF:0
FNH:0
DA:1,4
DA:2,4
DA:3,4
DA:5,4
LF:4
LH:4
BRF:0
BRH:0
end_of_record
